   Contract: 0xeccb564c..a165 (checking..)
   Block: #0x538392c
------------------------------------------------------------
 [XFR] Avalanche C-Chain TRANSFER 0x49c238f267...
   From: 0x0000..0000  ->  To: 0x4231..C0F7
   127.0 TOKEN
   Contract: 0xeccb564c..a165 (checking..)
   Block: #0x538392c
------------------------------------------------------------
 [XFR] Optimism TRANSFER 0xd251aab821...
   From: 0x4789..bA25  ->  To: 0x8344..e798
   0.012775 TOKEN
   Contract: 0x42000000..0006 (checking..)
   Block: #0x91a162c
------------------------------------------------------------
 [XFR] Avalanche C-Chain TRANSFER 0x66ffef8ff6...
   From: 0x0000..0000  ->  To: 0xc860..8580
   127.0 TOKEN
   Contract: 0xeccb564c..a165 (checking..)
   Block: #0x538392c
------------------------------------------------------------
 [XFR] Optimism TRANSFER 0xd251aab821...
   From: 0x8344..e798  ->  To: 0x4789..bA25
   0.0 TOKEN
   Contract: 0x0b2c639c..ff85 (checking..)
   Block: #0x91a162c
------------------------------------------------------------
 [XFR] Avalanche C-Chain TRANSFER 0x66ffef8ff6...
   From: 0x0000..0000  ->  To: 0x8461..691f
   127.0 TOKEN
   Contract: 0xeccb564c..a165 (checking..)
   Block: #0x538392c
------------------------------------------------------------
 [XFR] Optimism TRANSFER 0x09ae970b00...
   From: 0xc092..B4DB  ->  To: 0x5E6a..37b9
   0.037492 TOKEN
   Contract: 0x42000000..0006 (checking..)
   Block: #0x91a162c
------------------------------------------------------------
 [BLK] [Binance Smart Chain] New Block  #103214046  73 txs
------------------------------------------------------------
 [BLK] [Avalanche C-Chain] New Block  #87570735  0 txs
------------------------------------------------------------
 [XFR] Avalanche C-Chain TRANSFER 0xe931320d4d...
   From: 0x0000..0000  ->  To: 0xc860..8580
   63.0 TOKEN
   Contract: 0xeccb564c..a165 (checking..)
   Block: #0x538392c
------------------------------------------------------------
 [XFR] Optimism TRANSFER 0x09ae970b00...
   From: 0x5E6a..37b9  ->  To: 0xc092..B4DB
   0.0 TOKEN
   Contract: 0x0b2c639c..ff85 (checking..)
   Block: #0x91a162c
------------------------------------------------------------
 [BLK] [Avalanche C-Chain] New Block  #87570736  0 txs
------------------------------------------------------------
 [XFR] Avalanche C-Chain TRANSFER 0x27a211a806...
   From: 0x0000..0000  ->  To: 0xc860..8580
   63.0 TOKEN
   Contract: 0xeccb564c..a165 (checking..)
   Block: #0x538392d
------------------------------------------------------------
 [XFR] Avalanche C-Chain TRANSFER 0xe931320d4d...
   From: 0x0000..0000  ->  To: 0x0C0d..09e2
   63.0 TOKEN
   Contract: 0xeccb564c..a165 (checking..)
   Block: #0x538392c
------------------------------------------------------------
 [XFR] Optimism TRANSFER 0x2f7cf8a239...
   From: 0x87dD..EbF6  ->  To: 0x278d..F8D2
   0.000791 TOKEN
   Contract: 0x42000000..0006 (checking..)
   Block: #0x91a162c
------------------------------------------------------------
 [XFR] Avalanche C-Chain TRANSFER 0x27a211a806...
   From: 0x0000..0000  ->  To: 0x0e89..46b5
   63.0 TOKEN
   Contract: 0xeccb564c..a165 (checking..)
   Block: #0x538392d
------------------------------------------------------------
 [XFR] Avalanche C-Chain TRANSFER 0x1eced44182...
   From: 0x0000..0000  ->  To: 0xc860..8580
   127.0 TOKEN
   Contract: 0xeccb564c..a165 (checking..)
   Block: #0x538392c
------------------------------------------------------------
 [XFR] Optimism TRANSFER 0x2f7cf8a239...
   From: 0x278d..F8D2  ->  To: 0x87dD..EbF6
   1.568316 TOKEN
   Contract: 0x6985884c..71cd (checking..)
   Block: #0x91a162c
------------------------------------------------------------
 [XFR] Avalanche C-Chain TRANSFER 0x1eced44182...
   From: 0x0000..0000  ->  To: 0x8461..691f
   127.0 TOKEN
   Contract: 0xeccb564c..a165 (checking..)
   Block: #0x538392c
------------------------------------------------------------
 [XFR] Optimism TRANSFER 0xad6a354eac...
   From: 0xc858..472b  ->  To: 0x278d..F8D2
   0.004062 TOKEN
   Contract: 0x42000000..0006 (checking..)
   Block: #0x91a162c
------------------------------------------------------------
 [BLK] [Binance Smart Chain] New Block  #103214047  96 txs
------------------------------------------------------------
 [XFR] Avalanche C-Chain TRANSFER 0xda9fb9880c...
   From: 0x0000..0000  ->  To: 0xc860..8580
   63.0 TOKEN
   Contract: 0xeccb564c..a165 (checking..)
   Block: #0x538392c
------------------------------------------------------------
 [XFR] Optimism TRANSFER 0xad6a354eac...
   From: 0x278d..F8D2  ->  To: 0xc858..472b
   0.0 TOKEN
   Contract: 0x94b008aa..8e58 (checking..)
   Block: #0x91a162c
------------------------------------------------------------
 [XFR] Avalanche C-Chain TRANSFER 0xda9fb9880c...
   From: 0x0000..0000  ->  To: 0x0e89..46b5
   63.0 TOKEN
   Contract: 0xeccb564c..a165 (checking..)
   Block: #0x538392c
------------------------------------------------------------
 [TX] Binance Smart Chain TRANSACTION 0xf5acad120b...
   From: 0xcaa4..e2fa  ->  To: 0xb92f..ff4f
   0.2 BNB
    Gas: 0.1 Gwei
   Contract: 0xb92fe925..ff4f (checking..)
   Block: #0x626ebdf
------------------------------------------------------------
 [XFR] Optimism TRANSFER 0xf27e8d5044...
   From: 0x394A..2F69  ->  To: 0x5E6a..37b9
   0.0 TOKEN
   Contract: 0x68f180fc..2095 (checking..)
   Block: #0x91a162c
------------------------------------------------------------
 [XFR] Avalanche C-Chain TRANSFER 0x3f5bfed9b4...
   From: 0x0000..0000  ->  To: 0xc860..8580
   63.0 TOKEN
   Contract: 0xeccb564c..a165 (checking..)
   Block: #0x538392c
------------------------------------------------------------
 [TX] Binance Smart Chain TRANSACTION 0xd0f4bc7ddf...
   From: 0xf0b3..4475  ->  To: 0x18b2..9cda
   0.25 BNB
    Gas: 1.0 Gwei
   Contract: 0x18b2a687..9cda (checking..)
   Block: #0x626ebdf
------------------------------------------------------------
 [XFR] Optimism TRANSFER 0xf27e8d5044...
   From: 0x5E6a..37b9  ->  To: 0x394A..2F69
   0.0 TOKEN
   Contract: 0x0b2c639c..ff85 (checking..)
   Block: #0x91a162c
------------------------------------------------------------
 [XFR] Avalanche C-Chain TRANSFER 0xb6f1c9fcc8...
   From: 0xd6C6..19ad  ->  To: 0x9620..f479
   312.543278 TOKEN
   Contract: 0x6c14c189..f215 (checking..)
   Block: #0x538392f
------------------------------------------------------------
 [XFR] Avalanche C-Chain TRANSFER 0x3f5bfed9b4...
   From: 0x0000..0000  ->  To: 0x0C0d..09e2
   63.0 TOKEN
   Contract: 0xeccb564c..a165 (checking..)
   Block: #0x538392c
------------------------------------------------------------
 [TX] Binance Smart Chain TRANSACTION 0x44461a5d07...
   From: 0x28ad..4e6a  ->  To: 0xdd55..c94a
   0.261092 BNB
    Gas: 0.1 Gwei
   Contract: 0xdd558147..c94a (checking..)
   Block: #0x626ebdf
------------------------------------------------------------
 [XFR] Avalanche C-Chain TRANSFER 0xb6f1c9fcc8...
   From: 0x9620..f479  ->  To: 0xd6C6..19ad
   0.24348 TOKEN
   Contract: 0xb31f66aa..66c7 (checking..)
   Block: #0x538392f
------------------------------------------------------------
 [XFR] Optimism TRANSFER 0xd0bf29af2d...
   From: 0x5E0f..E124  ->  To: 0x167d..1b8d
   5.695907 TOKEN
   Contract: 0x42000000..0006 (checking..)
   Block: #0x91a162c
------------------------------------------------------------
 [XFR] Avalanche C-Chain TRANSFER 0x9e41247a2b...
   From: 0x0000..0000  ->  To: 0xc860..8580
   127.0 TOKEN
   Contract: 0xeccb564c..a165 (checking..)
   Block: #0x538392c
------------------------------------------------------------
 [XFR] Optimism TRANSFER 0xd0bf29af2d...
   From: 0x167d..1b8d  ->  To: 0x5013..c13B
   5.695907 TOKEN
   Contract: 0x42000000..0006 (checking..)
   Block: #0x91a162c
------------------------------------------------------------
 [XFR] Avalanche C-Chain TRANSFER 0x9e41247a2b...
   From: 0x0000..0000  ->  To: 0x567b..77cb
   127.0 TOKEN
   Contract: 0xeccb564c..a165 (checking..)
   Block: #0x538392c
------------------------------------------------------------
 [BLK] [Optimism] New Block  #152704558  0 txs
------------------------------------------------------------
 [XFR] Optimism TRANSFER 0xd0bf29af2d...
   From: 0x5013..c13B  ->  To: 0x4cD0..BC31
   5.695907 TOKEN
   Contract: 0x42000000..0006 (checking..)
   Block: #0x91a162c
------------------------------------------------------------
 [XFR] Avalanche C-Chain TRANSFER 0x7bd94dffdb...
   From: 0x0000..0000  ->  To: 0xc860..8580
   127.0 TOKEN
   Contract: 0xeccb564c..a165 (checking..)
   Block: #0x538392c
------------------------------------------------------------
 [XFR] Optimism TRANSFER 0xd5cc56c9c5...
   From: 0xa751..7700  ->  To: 0xd9F7..aE97
   1.037148 TOKEN
   Contract: 0x9560e827..88db (checking..)
   Block: #0x91a162c
------------------------------------------------------------
 [XFR] Avalanche C-Chain TRANSFER 0x7bd94dffdb...
   From: 0x0000..0000  ->  To: 0x567b..77cb
   127.0 TOKEN
   Contract: 0xeccb564c..a165 (checking..)
   Block: #0x538392c
------------------------------------------------------------
 [XFR] Avalanche C-Chain TRANSFER 0x31b553836e...
   From: 0x0000..0000  ->  To: 0xc860..8580
   127.0 TOKEN
   Contract: 0xeccb564c..a165 (checking..)
   Block: #0x538392c
------------------------------------------------------------
 [BLK] [Binance Smart Chain] New Block  #103214048  112 txs
------------------------------------------------------------
 [XFR] Avalanche C-Chain TRANSFER 0x31b553836e...
   From: 0x0000..0000  ->  To: 0x567b..77cb
   127.0 TOKEN
   Contract: 0xeccb564c..a165 (checking..)
   Block: #0x538392c
------------------------------------------------------------
 [TX] Binance Smart Chain TRANSACTION 0x297869d7dd...
   From: 0x507b..2b17  ->  To: 0x5fe0..04ce
   0.8842 BNB
    Gas: 0.1 Gwei
   Contract: 0x5fe01251..04ce (checking..)
   Block: #0x626ebe0
------------------------------------------------------------
 [XFR] Avalanche C-Chain TRANSFER 0xf4d98cf1a1...
   From: 0x0000..0000  ->  To: 0xc860..8580
   127.0 TOKEN
   Contract: 0xeccb564c..a165 (checking..)
   Block: #0x538392c
------------------------------------------------------------
 [TX] Binance Smart Chain TRANSACTION 0x621b2208ac...
   From: 0xf13c..eb8a  ->  To: 0xceba..01d1
   1.979482 BNB
    Gas: 0.1 Gwei
   Contract: 0xceba5f44..01d1 (checking..)
   Block: #0x626ebe0
------------------------------------------------------------
 [XFR] Avalanche C-Chain TRANSFER 0xf4d98cf1a1...
   From: 0x0000..0000  ->  To: 0x567b..77cb
   127.0 TOKEN
   Contract: 0xeccb564c..a165 (checking..)
   Block: #0x538392c
------------------------------------------------------------
 [XFR] Optimism TRANSFER 0x5c75623cf7...
   From: 0x394A..2F69  ->  To: 0x5E6a..37b9
   0.0 TOKEN
   Contract: 0x68f180fc..2095 (checking..)
   Block: #0x91a162d
------------------------------------------------------------
 [XFR] Avalanche C-Chain TRANSFER 0x2fabc17073...
   From: 0x0000..0000  ->  To: 0xc860..8580
   127.0 TOKEN
   Contract: 0xeccb564c..a165 (checking..)
   Block: #0x538392c
------------------------------------------------------------
 [XFR] Optimism TRANSFER 0x5c75623cf7...
   From: 0x5E6a..37b9  ->  To: 0x394A..2F69
   0.0 TOKEN
   Contract: 0x0b2c639c..ff85 (checking..)
   Block: #0x91a162d
------------------------------------------------------------
 [XFR] Avalanche C-Chain TRANSFER 0x2fabc17073...
   From: 0x0000..0000  ->  To: 0x567b..77cb
   127.0 TOKEN
   Contract: 0xeccb564c..a165 (checking..)
   Block: #0x538392c
------------------------------------------------------------
 [XFR] Optimism TRANSFER 0x147c4f7407...
   From: 0xa751..7700  ->  To: 0xd9F7..aE97
   1.037148 TOKEN
   Contract: 0x9560e827..88db (checking..)
   Block: #0x91a162d
------------------------------------------------------------
 [BLK] [Binance Smart Chain] New Block  #103214049  87 txs
------------------------------------------------------------
 [TX] Binance Smart Chain TRANSACTION 0xd0f78d2a86...
   From: 0x999d..5021  ->  To: 0x18b2..9cda
   0.150604 BNB
    Gas: 0.1 Gwei
   Contract: 0x18b2a687..9cda (checking..)
   Block: #0x626ebe1
------------------------------------------------------------
 [BLK] [Binance Smart Chain] New Block  #103214050  86 txs
------------------------------------------------------------
 [TX] Binance Smart Chain TRANSACTION 0x0df69dd069...
   From: 0x8039..c114  ->  To: 0x49e0..ba75
   1.188852 BNB
    Gas: 0.1 Gwei
   Contract: 0x49e07c6c..ba75 (checking..)
   Block: #0x626ebe2
------------------------------------------------------------
 [TX] Binance Smart Chain TRANSACTION 0xf7c53b5127...
   From: 0x8152..4950  ->  To: 0xdd55..c94a
   0.11682 BNB
    Gas: 0.1 Gwei
   Contract: 0xdd558147..c94a (checking..)
   Block: #0x626ebe2
------------------------------------------------------------
 [BLK] [Avalanche C-Chain] New Block  #87570737  0 txs
------------------------------------------------------------
 [BLK] [Avalanche C-Chain] New Block  #87570738  0 txs
------------------------------------------------------------
 [BLK] [Binance Smart Chain] New Block  #103214051  68 txs
------------------------------------------------------------
 [TX] Binance Smart Chain TRANSACTION 0xbd3e20a24b...
   From: 0x9a79..dc5f  ->  To: 0xd36b..6deb
   0.5 BNB
    Gas: 0.1 Gwei
   Contract: 0xd36b6d64..6deb (checking..)
   Block: #0x626ebe3
------------------------------------------------------------
 [TX] Binance Smart Chain TRANSACTION 0x74202d4c80...
   From: 0xdcc0..a08b  ->  To: 0x3508..372a
   0.20202 BNB
    Gas: 0.4 Gwei
   Contract: 0x3508dca9..372a (checking..)
   Block: #0x626ebe3
------------------------------------------------------------
 [XFR] Avalanche C-Chain TRANSFER 0x84f8c570ed...
   From: 0x0B0e..9Eb0  ->  To: 0x8E98..ddd8
   0.0 TOKEN
   Contract: 0x9702230a..a8c7 (checking..)
   Block: #0x5383930
------------------------------------------------------------
 [XFR] Avalanche C-Chain TRANSFER 0x55d06c0d7b...
   From: 0xB70D..8eAc  ->  To: 0xAa26..f0B8
   0.0 TOKEN
   Contract: 0x9702230a..a8c7 (checking..)
   Block: #0x5383930
------------------------------------------------------------
 [BLK] [Optimism] New Block  #152704559  0 txs
------------------------------------------------------------
 [XFR] Avalanche C-Chain TRANSFER 0xea3abde238...
   From: 0x1a73..Cb51  ->  To: 0x42BB..3548
   4501.0 TOKEN
   Contract: 0x6e84a621..0fdd (checking..)
   Block: #0x5383930
------------------------------------------------------------
 [XFR] Avalanche C-Chain TRANSFER 0xb7f438370b...
   From: 0x0D07..92Fe  ->  To: 0xaf9E..B910
   0.0 TOKEN
   Contract: 0x9702230a..a8c7 (checking..)
   Block: #0x5383930
------------------------------------------------------------
 [BLK] [Avalanche C-Chain] New Block  #87570739  0 txs
------------------------------------------------------------
 [XFR] Avalanche C-Chain TRANSFER 0x622040760a...
   From: 0x0000..0000  ->  To: 0xc860..8580
   63.0 TOKEN
   Contract: 0xeccb564c..a165 (checking..)
   Block: #0x5383930
------------------------------------------------------------
 [BLK] [Binance Smart Chain] New Block  #103214052  62 txs
------------------------------------------------------------
 [XFR] Avalanche C-Chain TRANSFER 0x622040760a...
   From: 0x0000..0000  ->  To: 0x0C0d..09e2
   63.0 TOKEN
   Contract: 0xeccb564c..a165 (checking..)
   Block: #0x5383930
------------------------------------------------------------
 [XFR] Avalanche C-Chain TRANSFER 0x67c00fe0e2...
   From: 0x0000..0000  ->  To: 0xc860..8580
   255.0 TOKEN
   Contract: 0xeccb564c..a165 (checking..)
   Block: #0x5383930
------------------------------------------------------------
 [XFR] Avalanche C-Chain TRANSFER 0x67c00fe0e2...
   From: 0x0000..0000  ->  To: 0x567b..77cb
   255.0 TOKEN
   Contract: 0xeccb564c..a165 (checking..)
   Block: #0x5383930
------------------------------------------------------------
 [XFR] Optimism TRANSFER 0x025dab7dea...
   From: 0xa751..7700  ->  To: 0xd9F7..aE97
   1.037148 TOKEN
   Contract: 0x9560e827..88db (checking..)
   Block: #0x91a162e
------------------------------------------------------------
 [XFR] Avalanche C-Chain TRANSFER 0xb7328a58ed...
   From: 0x0000..0000  ->  To: 0xc860..8580
   127.0 TOKEN
   Contract: 0xeccb564c..a165 (checking..)
   Block: #0x5383930
------------------------------------------------------------
 [XFR] Avalanche C-Chain TRANSFER 0xb7328a58ed...
   From: 0x0000..0000  ->  To: 0x567b..77cb
   127.0 TOKEN
   Contract: 0xeccb564c..a165 (checking..)
   Block: #0x5383930
------------------------------------------------------------
 [XFR] Avalanche C-Chain TRANSFER 0x6aa429b019...
   From: 0x5cA0..4aF2  ->  To: 0x631F..b9B8
   0.0 TOKEN
   Contract: 0x152b9d0f..3e50 (checking..)
   Block: #0x5383932
------------------------------------------------------------
 [BLK] [Binance Smart Chain] New Block  #103214053  79 txs
------------------------------------------------------------
 [XFR] Avalanche C-Chain TRANSFER 0xf2a8354f34...
   From: 0x0000..0000  ->  To: 0xc860..8580
   127.0 TOKEN
   Contract: 0xeccb564c..a165 (checking..)
   Block: #0x5383930
------------------------------------------------------------
 [XFR] Avalanche C-Chain TRANSFER 0x6aa429b019...
   From: 0x631F..b9B8  ->  To: 0x5cA0..4aF2
   260.228213 TOKEN
   Contract: 0xb31f66aa..66c7 (checking..)
   Block: #0x5383932
------------------------------------------------------------
 [XFR] Avalanche C-Chain TRANSFER 0xf2a8354f34...
   From: 0x0000..0000  ->  To: 0x567b..77cb
   127.0 TOKEN
   Contract: 0xeccb564c..a165 (checking..)
   Block: #0x5383930
------------------------------------------------------------
 [XFR] Avalanche C-Chain TRANSFER 0xf365eb6e41...
   From: 0x7a72..D9a1  ->  To: 0xcEC3..631a
   0.0 TOKEN
   Contract: 0x00000000..012a (checking..)
   Block: #0x5383932
------------------------------------------------------------
 [XFR] Avalanche C-Chain TRANSFER 0xdfa46eccf6...
   From: 0x0000..0000  ->  To: 0xc860..8580
   127.0 TOKEN
   Contract: 0xeccb564c..a165 (checking..)
   Block: #0x5383930
------------------------------------------------------------
 [XFR] Avalanche C-Chain TRANSFER 0xf365eb6e41...
   From: 0xcEC3..631a  ->  To: 0x7a72..D9a1
   0.0 TOKEN
   Contract: 0x9702230a..a8c7 (checking..)
   Block: #0x5383932
------------------------------------------------------------
 [XFR] Avalanche C-Chain TRANSFER 0xdfa46eccf6...
   From: 0x0000..0000  ->  To: 0x567b..77cb
   127.0 TOKEN
   Contract: 0xeccb564c..a165 (checking..)
   Block: #0x5383930
------------------------------------------------------------
 [XFR] Avalanche C-Chain TRANSFER 0xc44e784a72...
   From: 0x9f1f..A125  ->  To: 0x7526..2108
   0.0 TOKEN
   Contract: 0x9702230a..a8c7 (checking..)
   Block: #0x5383932
------------------------------------------------------------
 [XFR] Avalanche C-Chain TRANSFER 0x843312652e...
   From: 0x0000..0000  ->  To: 0xc860..8580
   127.0 TOKEN
   Contract: 0xeccb564c..a165 (checking..)
   Block: #0x5383930
------------------------------------------------------------
 [XFR] Avalanche C-Chain TRANSFER 0x48814d8b42...
   From: 0x6E1a..Bf29  ->  To: 0xF195..DCa7
   6365130.0 TOKEN
   Contract: 0xdf50ad73..a475 (checking..)
   Block: #0x5383932
------------------------------------------------------------
 [XFR] Avalanche C-Chain TRANSFER 0x843312652e...
   From: 0x0000..0000  ->  To: 0x567b..77cb
   127.0 TOKEN
   Contract: 0xeccb564c..a165 (checking..)
   Block: #0x5383930
------------------------------------------------------------
 [XFR] Avalanche C-Chain TRANSFER 0x48814d8b42...
   From: 0x60aE..33d4  ->  To: 0xF195..DCa7
   7.43079 TOKEN
   Contract: 0xb31f66aa..66c7 (checking..)
   Block: #0x5383932
------------------------------------------------------------
 [BLK] [Binance Smart Chain] New Block  #103214054  81 txs
------------------------------------------------------------
 [XFR] Avalanche C-Chain TRANSFER 0xd400eae7fb...
   From: 0x0000..0000  ->  To: 0xc860..8580
   127.0 TOKEN
   Contract: 0xeccb564c..a165 (checking..)
   Block: #0x5383930
------------------------------------------------------------
 [XFR] Avalanche C-Chain TRANSFER 0x48814d8b42...
   From: 0x0000
..
0000
  
->  To:
 
0x6023
..cAAB

